rm: ios/Pods_trash/gRPC-Core/src/core 2/lib: Directory not empty
rm: ios/Pods_trash/gRPC-Core/src/core 2: Directory not empty
rm: ios/Pods_trash/gRPC-Core/src: Directory not empty
rm: ios/Pods_trash/gRPC-Core: Directory not empty
rm: ios/Pods_trash/BoringSSL-GRPC/src/crypto/fipsmodule/bn: Directory not empty
rm: ios/Pods_trash/BoringSSL-GRPC/src/crypto/fipsmodule: Directory not empty
rm: ios/Pods_trash/BoringSSL-GRPC/src/crypto: Directory not empty
rm: ios/Pods_trash/BoringSSL-GRPC/src: Directory not empty
rm: ios/Pods_trash/BoringSSL-GRPC: Directory not empty
rm: ios/Pods_trash/gRPC-C++/include/grpcpp/impl/codegen: Directory not empty
rm: ios/Pods_trash/gRPC-C++/include/grpcpp/impl: Directory not empty
rm: ios/Pods_trash/gRPC-C++/include/grpcpp: Directory not empty
rm: ios/Pods_trash/gRPC-C++/include: Directory not empty
rm: ios/Pods_trash/gRPC-C++/src/core/util: Directory not empty
rm: ios/Pods_trash/gRPC-C++/src/core: Directory not empty
rm: ios/Pods_trash/gRPC-C++/src/cpp/server: Directory not empty
rm: ios/Pods_trash/gRPC-C++/src/cpp: Directory not empty
rm: ios/Pods_trash/gRPC-C++/src: Directory not empty
rm: ios/Pods_trash/gRPC-C++: Directory not empty
rm: ios/Pods_trash/GoogleUtilities/third_party: Directory not empty
rm: ios/Pods_trash/GoogleUtilities: Directory not empty
rm: ios/Pods_trash/leveldb-library: Directory not empty
rm: ios/Pods_trash/nanopb: Directory not empty
rm: ios/Pods_trash/abseil: Directory not empty
sudo: unable to read password: Input/output error
sudo: a password is required
